0 info it worked if it ends with ok
1 verbose cli [ 'C:\\Program Files\\nodejs\\node.exe',
1 verbose cli   'C:\\Program Files\\nodejs\\node_modules\\npm\\bin\\npm-cli.js',
1 verbose cli   'install',
1 verbose cli   '@types/geodesy',
1 verbose cli   '--save' ]
2 info using npm@2.15.11
3 info using node@v4.7.0
4 verbose install initial load of c:\projects\supreme-locator\package.json
5 warn package.json SupremeLocator@1.0.0 No description
6 warn package.json SupremeLocator@1.0.0 No repository field.
7 warn package.json SupremeLocator@1.0.0 No README data
8 verbose installManyTop reading scoped package data from c:\projects\supreme-locator\node_modules\awesome-typescript-loader\package.json
9 verbose installManyTop reading scoped package data from c:\projects\supreme-locator\node_modules\bootstrap\package.json
10 verbose installManyTop reading scoped package data from c:\projects\supreme-locator\node_modules\css-loader\package.json
11 verbose installManyTop reading scoped package data from c:\projects\supreme-locator\node_modules\file-loader\package.json
12 verbose installManyTop reading scoped package data from c:\projects\supreme-locator\node_modules\geodesy\package.json
13 verbose installManyTop reading scoped package data from c:\projects\supreme-locator\node_modules\jquery\package.json
14 verbose installManyTop reading scoped package data from c:\projects\supreme-locator\node_modules\lodash\package.json
15 verbose installManyTop reading scoped package data from c:\projects\supreme-locator\node_modules\react\package.json
16 verbose installManyTop reading scoped package data from c:\projects\supreme-locator\node_modules\react-dom\package.json
17 verbose installManyTop reading scoped package data from c:\projects\supreme-locator\node_modules\react-redux\package.json
18 verbose installManyTop reading scoped package data from c:\projects\supreme-locator\node_modules\react-router\package.json
19 verbose installManyTop reading scoped package data from c:\projects\supreme-locator\node_modules\redux\package.json
20 verbose installManyTop reading scoped package data from c:\projects\supreme-locator\node_modules\redux-devtools\package.json
21 verbose installManyTop reading scoped package data from c:\projects\supreme-locator\node_modules\redux-thunk\package.json
22 verbose installManyTop reading scoped package data from c:\projects\supreme-locator\node_modules\source-map-loader\package.json
23 verbose installManyTop reading scoped package data from c:\projects\supreme-locator\node_modules\style-loader\package.json
24 verbose installManyTop reading scoped package data from c:\projects\supreme-locator\node_modules\typescript\package.json
25 verbose installManyTop reading scoped package data from c:\projects\supreme-locator\node_modules\url-loader\package.json
26 verbose installManyTop reading scoped package data from c:\projects\supreme-locator\node_modules\webpack\package.json
27 verbose installManyTop reading scoped package data from c:\projects\supreme-locator\node_modules\webpack-dev-server\package.json
28 verbose installManyTop reading scoped package data from c:\projects\supreme-locator\node_modules\@types\jquery\package.json
29 verbose installManyTop reading scoped package data from c:\projects\supreme-locator\node_modules\@types\lodash\package.json
30 verbose installManyTop reading scoped package data from c:\projects\supreme-locator\node_modules\@types\react\package.json
31 verbose installManyTop reading scoped package data from c:\projects\supreme-locator\node_modules\@types\react-bootstrap\package.json
32 verbose installManyTop reading scoped package data from c:\projects\supreme-locator\node_modules\@types\react-dom\package.json
33 verbose installManyTop reading scoped package data from c:\projects\supreme-locator\node_modules\@types\react-redux\package.json
34 verbose installManyTop reading scoped package data from c:\projects\supreme-locator\node_modules\@types\redux-thunk\package.json
35 info package.json source-map-loader@0.1.5 No license field.
36 verbose readDependencies loading dependencies from c:\projects\supreme-locator\package.json
37 silly cache add args [ '@types/geodesy', null ]
38 verbose cache add spec @types/geodesy
39 silly cache add parsed spec Result {
39 silly cache add   raw: '@types/geodesy',
39 silly cache add   scope: '@types',
39 silly cache add   name: '@types/geodesy',
39 silly cache add   rawSpec: '',
39 silly cache add   spec: 'latest',
39 silly cache add   type: 'tag' }
40 silly addNamed @types/geodesy@latest
41 verbose addNamed "latest" is being treated as a dist-tag for @types/geodesy
42 info addNameTag [ '@types/geodesy', 'latest' ]
43 silly mapToRegistry name @types/geodesy
44 silly mapToRegistry scope (from package name) @types
45 verbose mapToRegistry no registry URL found in name for scope @types
46 silly mapToRegistry using default registry
47 silly mapToRegistry registry https://registry.npmjs.org/
48 silly mapToRegistry data Result {
48 silly mapToRegistry   raw: '@types/geodesy',
48 silly mapToRegistry   scope: '@types',
48 silly mapToRegistry   name: '@types/geodesy',
48 silly mapToRegistry   rawSpec: '',
48 silly mapToRegistry   spec: 'latest',
48 silly mapToRegistry   type: 'tag' }
49 silly mapToRegistry uri https://registry.npmjs.org/@types%2fgeodesy
50 verbose addNameTag registry:https://registry.npmjs.org/@types%2fgeodesy not in flight; fetching
51 verbose request uri https://registry.npmjs.org/@types%2fgeodesy
52 verbose request no auth needed
53 info attempt registry request try #1 at 6:41:45 PM
54 verbose request id cf9cbef5c22089e9
55 http request GET https://registry.npmjs.org/@types%2fgeodesy
56 http 404 https://registry.npmjs.org/@types%2fgeodesy
57 verbose headers { 'content-type': 'application/json',
57 verbose headers   'cache-control': 'max-age=0',
57 verbose headers   'content-length': '2',
57 verbose headers   'accept-ranges': 'bytes',
57 verbose headers   date: 'Sun, 08 Jan 2017 05:41:45 GMT',
57 verbose headers   via: '1.1 varnish',
57 verbose headers   age: '0',
57 verbose headers   connection: 'keep-alive',
57 verbose headers   'x-served-by': 'cache-akl6421-AKL',
57 verbose headers   'x-cache': 'MISS',
57 verbose headers   'x-cache-hits': '0',
57 verbose headers   'x-timer': 'S1483854104.732596,VS0,VE626',
57 verbose headers   vary: 'Accept-Encoding' }
58 silly get cb [ 404,
58 silly get   { 'content-type': 'application/json',
58 silly get     'cache-control': 'max-age=0',
58 silly get     'content-length': '2',
58 silly get     'accept-ranges': 'bytes',
58 silly get     date: 'Sun, 08 Jan 2017 05:41:45 GMT',
58 silly get     via: '1.1 varnish',
58 silly get     age: '0',
58 silly get     connection: 'keep-alive',
58 silly get     'x-served-by': 'cache-akl6421-AKL',
58 silly get     'x-cache': 'MISS',
58 silly get     'x-cache-hits': '0',
58 silly get     'x-timer': 'S1483854104.732596,VS0,VE626',
58 silly get     vary: 'Accept-Encoding' } ]
59 verbose stack Error: Registry returned 404 for GET on https://registry.npmjs.org/@types%2fgeodesy
59 verbose stack     at makeError (C:\Users\eugenetsang\AppData\Roaming\nvm\v4.7.0\node_modules\npm\node_modules\npm-registry-client\lib\request.js:302:12)
59 verbose stack     at CachingRegistryClient.<anonymous> (C:\Users\eugenetsang\AppData\Roaming\nvm\v4.7.0\node_modules\npm\node_modules\npm-registry-client\lib\request.js:280:14)
59 verbose stack     at Request._callback (C:\Users\eugenetsang\AppData\Roaming\nvm\v4.7.0\node_modules\npm\node_modules\npm-registry-client\lib\request.js:210:14)
59 verbose stack     at Request.self.callback (C:\Users\eugenetsang\AppData\Roaming\nvm\v4.7.0\node_modules\npm\node_modules\request\request.js:187:22)
59 verbose stack     at emitTwo (events.js:87:13)
59 verbose stack     at Request.emit (events.js:172:7)
59 verbose stack     at Request.<anonymous> (C:\Users\eugenetsang\AppData\Roaming\nvm\v4.7.0\node_modules\npm\node_modules\request\request.js:1044:10)
59 verbose stack     at emitOne (events.js:77:13)
59 verbose stack     at Request.emit (events.js:169:7)
59 verbose stack     at IncomingMessage.<anonymous> (C:\Users\eugenetsang\AppData\Roaming\nvm\v4.7.0\node_modules\npm\node_modules\request\request.js:965:12)
60 verbose statusCode 404
61 verbose pkgid @types/geodesy
62 verbose cwd c:\projects\supreme-locator
63 error Windows_NT 10.0.14986
64 error argv "C:\\Program Files\\nodejs\\node.exe" "C:\\Program Files\\nodejs\\node_modules\\npm\\bin\\npm-cli.js" "install" "@types/geodesy" "--save"
65 error node v4.7.0
66 error npm  v2.15.11
67 error code E404
68 error 404 Registry returned 404 for GET on https://registry.npmjs.org/@types%2fgeodesy
68 error 404
68 error 404 '@types/geodesy' is not in the npm registry.
68 error 404 You should bug the author to publish it (or use the name yourself!)
68 error 404 It was specified as a dependency of 'SupremeLocator'
68 error 404
68 error 404 Note that you can also install from a
68 error 404 tarball, folder, http url, or git url.
69 verbose exit [ 1, true ]
